2023-05-10 17:43:43 - MOD: Modification Default

FILE: system/engine/action.php
REGEX: ~(require|include)(_once)?\(([^)]+)~
LINE: 69

FILE: system/engine/loader.php
REGEX: ~(require|include)(_once)?\(([^)]+)~
LINE: 77
LINE: 151
LINE: 168

FILE: system/library/config.php
REGEX: ~(require|include)(_once)?\(([^)]+)~
LINE: 59

FILE: system/library/language.php
REGEX: ~(require|include)(_once)?\(([^)]+)~
LINE: 67
LINE: 73

FILE: system/library/template/template.php
REGEX: ~(require|include)(_once)?\(([^)]+)~
LINE: 18

FILE: system/library/template/twig.php
CODE: if (is_file($file)) {
LINE: 13
----------------------------------------------------------------
2023-05-10 18:48:14 - MOD: Modification Default

FILE: system/engine/action.php
REGEX: ~(require|include)(_once)?\(([^)]+)~
LINE: 69

FILE: system/engine/loader.php
REGEX: ~(require|include)(_once)?\(([^)]+)~
LINE: 77
LINE: 151
LINE: 168

FILE: system/library/config.php
REGEX: ~(require|include)(_once)?\(([^)]+)~
LINE: 59

FILE: system/library/language.php
REGEX: ~(require|include)(_once)?\(([^)]+)~
LINE: 67
LINE: 73

FILE: system/library/template/template.php
REGEX: ~(require|include)(_once)?\(([^)]+)~
LINE: 18

FILE: system/library/template/twig.php
CODE: if (is_file($file)) {
LINE: 13
----------------------------------------------------------------
MOD: Remove product compare and wishlist

FILE: catalog/view/theme/default/template/extension/module/bestseller.twig
CODE: <button type="button" data-toggle="tooltip" title="{{ button_wishlist }}" onclick="wishlist.add('{{ product.product_id }}');"><i class="fa fa-heart"></i></button>
LINE: 35
CODE: <button type="button" data-toggle="tooltip" title="{{ button_compare }}" onclick="compare.add('{{ product.product_id }}');"><i class="fa fa-exchange"></i></button>
LINE: 36
CODE: <button type="button" onclick="cart.add('{{ product.product_id }}');"><i class="fa fa-shopping-cart"></i> <span class="hidden-xs hidden-sm hidden-md">{{ button_cart }}</span></button>
LINE: 34

FILE: catalog/view/theme/default/template/extension/module/latest.twig
CODE: <button type="button" data-toggle="tooltip" title="{{ button_wishlist }}" onclick="wishlist.add('{{ product.product_id }}');"><i class="fa fa-heart"></i></button>
LINE: 21
CODE: <button type="button" data-toggle="tooltip" title="{{ button_compare }}" onclick="compare.add('{{ product.product_id }}');"><i class="fa fa-exchange"></i></button>
LINE: 22
CODE: <button type="button" onclick="cart.add('{{ product.product_id }}');"><i class="fa fa-shopping-cart"></i> <span class="hidden-xs hidden-sm hidden-md">{{ button_cart }}</span></button>
LINE: 20

FILE: catalog/view/theme/default/template/extension/module/featured.twig
CODE: <button type="button" data-toggle="tooltip" title="{{ button_wishlist }}" onclick="wishlist.add('{{ product.product_id }}');"><i class="fa fa-heart"></i></button>
LINE: 35
CODE: <button type="button" data-toggle="tooltip" title="{{ button_compare }}" onclick="compare.add('{{ product.product_id }}');"><i class="fa fa-exchange"></i></button>
LINE: 36
CODE: <button type="button" onclick="cart.add('{{ product.product_id }}');"><i class="fa fa-shopping-cart"></i> <span class="hidden-xs hidden-sm hidden-md">{{ button_cart }}</span></button>
LINE: 34

FILE: catalog/view/theme/default/template/extension/module/special.twig
CODE: <button type="button" data-toggle="tooltip" title="{{ button_wishlist }}" onclick="wishlist.add('{{ product.product_id }}');"><i class="fa fa-heart"></i></button>
LINE: 21
CODE: <button type="button" data-toggle="tooltip" title="{{ button_compare }}" onclick="compare.add('{{ product.product_id }}');"><i class="fa fa-exchange"></i></button>
LINE: 22
CODE: <button type="button" onclick="cart.add('{{ product.product_id }}');"><i class="fa fa-shopping-cart"></i> <span class="hidden-xs hidden-sm hidden-md">{{ button_cart }}</span></button>
LINE: 20

FILE: catalog/view/theme/default/template/product/category.twig
CODE: <button type="button" data-toggle="tooltip" title="{{ button_wishlist }}" onclick="wishlist.add('{{ product.product_id }}');"><i class="fa fa-heart"></i></button>
LINE: 112
CODE: <button type="button" data-toggle="tooltip" title="{{ button_compare }}" onclick="compare.add('{{ product.product_id }}');"><i class="fa fa-exchange"></i></button>
LINE: 113
CODE: <div class="form-group"><a href="{{ compare }}" id="compare-total" class="btn btn-link">{{ text_compare }}</a></div>
LINE: 60
CODE: <button type="button" onclick="cart.add('{{ product.product_id }}', '{{ product.minimum }}');"><i class="fa fa-shopping-cart"></i> <span class="hidden-xs hidden-sm hidden-md">{{ button_cart }}</span></button>
LINE: 111

FILE: catalog/view/theme/default/template/product/product.twig
CODE: <button type="button" data-toggle="tooltip" class="btn btn-default" title="{{ button_wishlist }}" onclick="wishlist.add('{{ product_id }}');"><i class="fa fa-heart"></i></button>
LINE: 119
CODE: <button type="button" data-toggle="tooltip" class="btn btn-default" title="{{ button_compare }}" onclick="compare.add('{{ product_id }}');"><i class="fa fa-exchange"></i></button>
LINE: 120
CODE: <button type="button" data-toggle="tooltip" title="{{ button_wishlist }}" onclick="wishlist.add('{{ product.product_id }}');"><i class="fa fa-heart"></i></button>
LINE: 328
CODE: <button type="button" data-toggle="tooltip" title="{{ button_compare }}" onclick="compare.add('{{ product.product_id }}');"><i class="fa fa-exchange"></i></button>
LINE: 329
CODE: <button type="button" onclick="cart.add('{{ product.product_id }}', '{{ product.minimum }}');"><span class="hidden-xs hidden-sm hidden-md">{{ button_cart }}</span> <i class="fa fa-shopping-cart"></i></button>
LINE: 327

FILE: catalog/view/theme/default/template/product/search.twig
CODE: <button type="button" data-toggle="tooltip" title="{{ button_wishlist }}" onclick="wishlist.add('{{ product.product_id }}');"><i class="fa fa-heart"></i></button>
LINE: 146
CODE: <button type="button" data-toggle="tooltip" title="{{ button_compare }}" onclick="compare.add('{{ product.product_id }}');"><i class="fa fa-exchange"></i></button>
LINE: 147
CODE: <a href="{{ compare }}" id="compare-total" class="btn btn-link">{{ text_compare }}</a>
LINE: 79
CODE: <button type="button" onclick="cart.add('{{ product.product_id }}', '{{ product.minimum }}');"><i class="fa fa-shopping-cart"></i> <span class="hidden-xs hidden-sm hidden-md">{{ button_cart }}</span></button>
LINE: 145

FILE: catalog/view/theme/default/template/common/header.twig
CODE: <li><a href="{{ wishlist }}" id="wishlist-total" title="{{ text_wishlist }}"><i class="fa fa-heart"></i> <span class="hidden-xs hidden-sm hidden-md">{{ text_wishlist }}</span></a></li>
LINE: 60

FILE: catalog/view/theme/default/template/common/footer.twig
CODE: <li><a href="{{ wishlist }}">{{ text_wishlist }}</a></li>
LINE: 35

FILE: catalog/view/theme/default/template/account/account.twig
CODE: <li><a href="{{ wishlist }}">{{ text_wishlist }}</a></li>
LINE: 24

FILE: catalog/view/theme/default/template/extension/module/account.twig
CODE: <a href="{{ address }}" class="list-group-item">{{ text_address }}</a> <a href="{{ wishlist }}" class="list-group-item">{{ text_wishlist }}</a> <a href="{{ order }}" class="list-group-item">{{ text_order }}</a> <a href="{{ download }}" class="list-group-item">{{ text_download }}</a><a href="{{ recurring }}" class="list-group-item">{{ text_recurring }}</a> <a href="{{ reward }}" class="list-group-item">{{ text_reward }}</a> <a href="{{ return }}" class="list-group-item">{{ text_return }}</a> <a href="{{ transaction }}" class="list-group-item">{{ text_transaction }}</a> <a href="{{ newsletter }}" class="list-group-item">{{ text_newsletter }}</a>
LINE: 8

FILE: catalog/view/theme/default/template/product/manufacturer_info.twig
CODE: <button type="button" data-toggle="tooltip" title="{{ button_wishlist }}" onclick="wishlist.add('{{ product.product_id }}');"><i class="fa fa-heart"></i></button>
LINE: 79
CODE: <button type="button" data-toggle="tooltip" title="{{ button_compare }}" onclick="compare.add('{{ product.product_id }}');"><i class="fa fa-exchange"></i></button>
LINE: 80
CODE: <div class="form-group"> <a href="{{ compare }}" id="compare-total" class="btn btn-link">{{ text_compare }}</a> </div>
LINE: 26
CODE: <button type="button" onclick="cart.add('{{ product.product_id }}', '{{ product.minimum }}');"><i class="fa fa-shopping-cart"></i> <span class="hidden-xs hidden-sm hidden-md">{{ button_cart }}</span></button>
LINE: 78
----------------------------------------------------------------
